"../../../Engine/Content/Animation/DefaultAnimCurveCompressionSettings.uasset" 0
"../../../Engine/Content/Functions/Engine_MaterialFunctions01/Opacity/CameraDepthFade.uasset" 1
"../../../Engine/Content/EngineMaterials/T_Default_Material_Grid_M.uasset" 2
"../../../Engine/Content/EngineMaterials/T_Default_Material_Grid_N.uasset" 3
"../../../Engine/Content/EngineMaterials/WorldGridMaterial.uasset" 4
"../../../Engine/Content/ArtTools/RenderToTexture/Meshes/S_1_Unit_Plane.uasset" 5
"../../../Engine/Content/EngineMaterials/DefaultMaterial.uasset" 6
"../../../Engine/Content/BasicShapes/Cone.uasset" 7
"../../../Engine/Content/BasicShapes/Cylinder.uasset" 8
"../../../Engine/Content/BasicShapes/Plane.uasset" 9
"../../../Engine/Content/BasicShapes/Sphere.uasset" 10
"../../../Engine/Content/EditorLandscapeResources/DataLayer.uasset" 11
"../../../Engine/Content/EditorMaterials/MAT_Groups_Toggle.uasset" 12
"../../../Engine/Content/EditorMaterials/MAT_Groups_Visibility.uasset" 13
"../../../Engine/Content/EditorMaterials/PreviewShadowIndicator.uasset" 14
"../../../Engine/Content/EditorMaterials/PreviewShadowIndicatorMaterial.uasset" 15
"../../../Engine/Content/EditorMaterials/MatineeGroups/MAT_ColorTrack.uasset" 16
"../../../Engine/Content/EditorMaterials/MatineeGroups/MAT_Groups_Anim.uasset" 17
"../../../Engine/Content/EditorMaterials/MatineeGroups/MAT_Groups_AudioMaster.uasset" 18
"../../../Engine/Content/EditorMaterials/MatineeGroups/MAT_Groups_Director.uasset" 19
"../../../Engine/Content/EditorMaterials/MatineeGroups/MAT_Groups_Event.uasset" 20
"../../../Engine/Content/EditorMaterials/MatineeGroups/MAT_Groups_Fade.uasset" 21
"../../../Engine/Content/EditorMaterials/MatineeGroups/MAT_Groups_Float.uasset" 22
"../../../Engine/Content/EditorMaterials/MatineeGroups/MAT_Groups_Move.uasset" 23
"../../../Engine/Content/EditorMaterials/MatineeGroups/MAT_Groups_Slomo.uasset" 24
"../../../Engine/Content/EditorMaterials/MatineeGroups/MAT_Groups_Sound.uasset" 25
"../../../Engine/Content/EditorMaterials/MatineeGroups/MAT_Groups_Vector.uasset" 26
"../../../Engine/Content/EditorMaterials/ParticleSystems/PSysThumbnail_NoImage.uasset" 27
"../../../Engine/Content/EditorMaterials/ParticleSystems/PSysThumbnail_OOD.uasset" 28
"../../../Engine/Content/EditorMaterials/Camera/CineMat.uasset" 29
"../../../Engine/Content/EditorMaterials/Camera/MI_CineMat_Rig.uasset" 30
"../../../Engine/Content/EditorMeshes/Camera/SM_CraneRig_Arm.uasset" 31
"../../../Engine/Content/EditorMeshes/Camera/SM_CraneRig_Base.uasset" 32
"../../../Engine/Content/EditorMeshes/Camera/SM_CraneRig_Body.uasset" 33
"../../../Engine/Content/EditorMeshes/Camera/SM_CraneRig_Mount.uasset" 34
"../../../Engine/Content/EditorMeshes/Camera/SM_RailRig_Mount.uasset" 35
"../../../Engine/Content/EditorMeshes/Camera/SM_RailRig_Track.uasset" 36
"../../../Engine/Content/EditorResources/BSPVertex.uasset" 37
"../../../Engine/Content/EditorResources/EmptyActor.uasset" 38
"../../../Engine/Content/EditorResources/S_Actor.uasset" 39
"../../../Engine/Content/EditorResources/S_Note.uasset" 40
"../../../Engine/Content/EditorResources/S_Solver.uasset" 41
"../../../Engine/Content/EditorResources/S_Trigger.uasset" 42
"../../../Engine/Content/EditorResources/LightIcons/S_LightError.uasset" 43
"../../../Engine/Content/EditorResources/SequenceRecorder/Countdown.uasset" 44
"../../../Engine/Content/EditorResources/SequenceRecorder/RecordingIndicator.uasset" 45
"../../../Engine/Content/EditorSounds/Notifications/CompileFailed.uasset" 46
"../../../Engine/Content/EditorSounds/Notifications/CompileFailed_Cue.uasset" 47
"../../../Engine/Content/EditorSounds/Notifications/CompileSuccess.uasset" 48
"../../../Engine/Content/EditorSounds/Notifications/CompileStart_Cue.uasset" 49
"../../../Engine/Content/EditorSounds/Notifications/CompileSuccess_Cue.uasset" 50
"../../../Engine/Content/EngineDamageTypes/DmgTypeBP_Environmental.uasset" 51
"../../../Engine/Content/EngineDebugMaterials/DebugEditorMaterial.uasset" 52
"../../../Engine/Content/EngineDebugMaterials/DebugMeshMaterial.uasset" 53
"../../../Engine/Content/EngineDebugMaterials/M_SimpleUnlitTranslucent.uasset" 54
"../../../Engine/Content/Functions/Engine_MaterialFunctions02/Utility/CameraDirectionVector.uasset" 55
"../../../Engine/Content/EngineDebugMaterials/VolumeToRender.uasset" 56
"../../../Engine/Content/EngineDebugMaterials/M_VolumeRenderSphereTracePP.uasset" 57
"../../../Engine/Content/EngineDebugMaterials/WireframeMaterial.uasset" 58
"../../../Engine/Content/EngineFonts/Faces/DroidSansFallback.uasset" 59
"../../../Engine/Content/EngineFonts/Faces/RobotoBold.uasset" 60
"../../../Engine/Content/EngineFonts/Faces/RobotoBoldItalic.uasset" 61
"../../../Engine/Content/EngineFonts/Faces/RobotoItalic.uasset" 62
"../../../Engine/Content/EngineFonts/Faces/RobotoLight.uasset" 63
"../../../Engine/Content/EngineFonts/Faces/RobotoRegular.uasset" 64
"../../../Engine/Content/EngineFonts/Roboto.uasset" 65
"../../../Engine/Content/EngineMaterials/BaseFlattenDiffuseMap.uasset" 66
"../../../Engine/Content/EngineMaterials/BaseFlattenEmissiveMap.uasset" 67
"../../../Engine/Content/EngineMaterials/BaseFlattenGrayscaleMap.uasset" 68
"../../../Engine/Content/EngineMaterials/BaseFlattenNormalMap.uasset" 69
"../../../Engine/Content/EngineMaterials/BaseFlattenMaterial.uasset" 70
"../../../Engine/Content/EngineMaterials/BlueNoise.uasset" 71
"../../../Engine/Content/EngineMaterials/DefaultBloomKernel.uasset" 72
"../../../Engine/Content/EngineMaterials/DefaultBokeh.uasset" 73
"../../../Engine/Content/EngineMaterials/DefaultDiffuse.uasset" 74
"../../../Engine/Content/EngineMaterials/DefaultDeferredDecalMaterial.uasset" 75
"../../../Engine/Content/EngineMaterials/DefaultLightFunctionMaterial.uasset" 76
"../../../Engine/Content/EngineMaterials/DefaultPhysicalMaterial.uasset" 77
"../../../Engine/Content/Functions/Engine_MaterialFunctions02/Utility/BreakOutFloat2Components.uasset" 78
"../../../Engine/Content/EngineMaterials/DefaultPostProcessMaterial.uasset" 79
"../../../Engine/Content/EngineFonts/RobotoDistanceField.uasset" 80
"../../../Engine/Content/EngineMaterials/DefaultTextMaterialOpaque.uasset" 81
"../../../Engine/Content/EngineMaterials/DefaultWhiteGrid.uasset" 82
"../../../Engine/Content/EngineMaterials/DefaultWhiteGrid_Low.uasset" 83
"../../../Engine/Content/EngineMaterials/EmissiveMeshMaterial.uasset" 84
"../../../Engine/Content/EngineMaterials/GizmoMaterial.uasset" 85
"../../../Engine/Content/EngineMaterials/Good64x64TilingNoiseHighFreq.uasset" 86
"../../../Engine/Content/EngineMaterials/MiniFont.uasset" 87
"../../../Engine/Content/EngineMaterials/InvalidLightmapSettings.uasset" 88
"../../../Engine/Content/EngineMaterials/M_InvalidLightmapSettings.uasset" 89
"../../../Engine/Content/Functions/Engine_MaterialFunctions02/WorldPositionOffset/CameraOffset.uasset" 90
"../../../Engine/Content/EngineMaterials/PhAT_JointLimitMaterial.uasset" 91
"../../../Engine/Content/EngineMaterials/PreintegratedSkinBRDF.uasset" 92
"../../../Engine/Content/EngineMaterials/RemoveSurfaceMaterial.uasset" 93
"../../../Engine/Content/EngineMaterials/WeightMapPlaceholderTexture.uasset" 94
"../../../Engine/Content/EngineResources/WhiteSquareTexture.uasset" 95
"../../../Engine/Content/EngineMaterials/Widget3DPassThrough.uasset" 96
"../../../Engine/Content/EngineMaterials/Widget3DPassThrough_Masked.uasset" 97
"../../../Engine/Content/EngineMaterials/Widget3DPassThrough_Opaque.uasset" 98
"../../../Engine/Content/EngineMaterials/Widget3DPassThrough_Masked_OneSided.uasset" 99
"../../../Engine/Content/EngineMaterials/Widget3DPassThrough_Opaque_OneSided.uasset" 100
"../../../Engine/Content/EngineMaterials/Widget3DPassThrough_Translucent.uasset" 101
"../../../Engine/Content/EngineMaterials/Widget3DPassThrough_Translucent_OneSided.uasset" 102
"../../../Engine/Content/EngineMeshes/Cylinder.uasset" 103
"../../../Engine/Content/EngineMeshes/Sphere.uasset" 104
"../../../Engine/Content/EngineResources/Black.uasset" 105
"../../../Engine/Content/EngineResources/DefaultTexture.uasset" 106
"../../../Engine/Content/EngineResources/DefaultTextureCube.uasset" 107
"../../../Engine/Content/EngineResources/DefaultVolumeTexture2D.uasset" 108
"../../../Engine/Content/EngineResources/DefaultVolumeTexture.uasset" 109
"../../../Engine/Content/EngineResources/GradientTexture0.uasset" 110
"../../../Engine/Content/EngineSounds/Master.uasset" 111
"../../../Engine/Content/Functions/Engine_MaterialFunctions01/Shading/ConvertFromDiffSpec.uasset" 112
"../../../Engine/Content/Functions/Engine_MaterialFunctions01/Shading/PowerToRoughness.uasset" 113
"../../../Engine/Content/Maps/Templates/Thumbnails/Default.uasset" 114
"../../../Engine/Content/Maps/Templates/Thumbnails/TimeOfDay.uasset" 115
"../../../Engine/Content/Maps/Templates/Thumbnails/VR-Basic.uasset" 116
"../../../Engine/Content/MobileResources/T_MobileControls_texture.uasset" 117
"../../../Engine/Content/MobileResources/T_MobileMenu2.uasset" 118
"../../../Engine/Content/MobileResources/HUD/AnalogHat.uasset" 119
"../../../Engine/Content/MobileResources/HUD/VirtualJoystick_Background.uasset" 120
"../../../Engine/Content/MobileResources/HUD/VirtualJoystick_Thumb.uasset" 121
"../../../Engine/Content/MobileResources/HUD/DefaultVirtualJoysticks.uasset" 122
"../../../Engine/Content/MobileResources/HUD/LeftVirtualJoystickOnly.uasset" 123
"../../../Engine/Content/MobileResources/HUD/MobileHUDButton1_off.uasset" 124
"../../../Engine/Content/MobileResources/HUD/MobileHUDButton1_on.uasset" 125
"../../../Engine/Content/MobileResources/HUD/MobileHUDButton2_off.uasset" 126
"../../../Engine/Content/MobileResources/HUD/MobileHUDButton2_on.uasset" 127
"../../../Engine/Content/MobileResources/HUD/MobileHUDButton3.uasset" 128
"../../../Engine/Content/MobileResources/HUD/MobileHUDButtonFire.uasset" 129
"../../../Engine/Content/MobileResources/HUD/MobileHUDDirectionPad.uasset" 130
"../../../Engine/Content/MobileResources/HUD/MobileHUDDirectionPad2.uasset" 131
"../../../Engine/Content/MobileResources/HUD/MobileHUDDirectionPad3.uasset" 132
"../../../Engine/Content/MobileResources/HUD/MobileHUDDirectionStick.uasset" 133
"../../../Engine/Content/MobileResources/HUD/T_Castle_ThumbstickInner.uasset" 134
"../../../Engine/Content/MobileResources/HUD/T_Castle_ThumbstickOutter.uasset" 135
"../../../Engine/Content/Tutorial/ContentIntroCurve.uasset" 136
"../../../Engine/Content/Tutorial/Basics/LevelEditorAttract.uasset" 137
"../../../Engine/Content/Tutorial/Basics/TutorialAssets/icon_tab_Levels_40x.uasset" 138
"../../../Engine/Content/Tutorial/Basics/LevelEditorOverview.uasset" 139
"../../../Engine/Content/Tutorial/BlueprintTutorials/TutorialAssets/Blueprint_64x.uasset" 140
"../../../Engine/Content/Tutorial/BlueprintTutorials/LevelBlueprintEditorOverview.uasset" 141
"../../../Engine/Content/Tutorial/SubEditors/GettingSubstance.uasset" 142
"../../../Engine/Content/Tutorial/SubEditors/MaterialEditorTutorial.uasset" 143
"../../../Engine/Content/Tutorial/SubEditors/TutorialAssets/TutorialMaterial.uasset" 144
"../../../Engine/Content/VREditor/LaserPointer/VR_LaserPower_01.uasset" 145
"../../../Engine/Content/VREditor/TransformGizmo/TransformGizmoMaterial.uasset" 146
"../../../Engine/Content/VREditor/TransformGizmo/TranslucentTransformGizmoMaterial.uasset" 147
"../../../Engine/Content/VREditor/TransformGizmo/BoundingBoxCorner.uasset" 148
"../../../Engine/Content/VREditor/TransformGizmo/BoundingBoxEdge.uasset" 149
"../../../Engine/Content/VREditor/TransformGizmo/PlaneTranslationHandle.uasset" 150
"../../../Engine/Content/VREditor/TransformGizmo/Main.uasset" 151
"../../../Engine/Content/VREditor/TransformGizmo/Xray.uasset" 152
"../../../Engine/Content/VREditor/TransformGizmo/SM_Sequencer_Key.uasset" 153
"../../../Engine/Content/VREditor/TransformGizmo/SM_Sequencer_Node.uasset" 154
"../../Plugins/2D/Paper2D/Content/PlaceholderTextures/DummySpriteTexture.uasset" 155
"../../Plugins/2D/Paper2D/Content/DummySprite.uasset" 156
"../../Plugins/2D/Paper2D/Content/DefaultPaperTerrainMaterial.uasset" 157
"../../Plugins/2D/Paper2D/Content/DefaultSpriteMaterial.uasset" 158
"../../Plugins/2D/Paper2D/Content/MaskedUnlitSpriteMaterial.uasset" 159
"../../Plugins/2D/Paper2D/Content/OpaqueUnlitSpriteMaterial.uasset" 160
"../../Plugins/Experimental/ControlRig/Content/M_Manip.uasset" 161
"../../Plugins/Experimental/ControlRig/Content/Controls/ControlRigGizmoMaterial.uasset" 162
"../../Plugins/Experimental/ControlRig/Content/Controls/ControlRig_Arrow2_1mm.uasset" 163
"../../Plugins/Experimental/ControlRig/Content/Controls/ControlRig_Arrow2_3mm.uasset" 164
"../../Plugins/Experimental/ControlRig/Content/Controls/ControlRig_Arrow2_solid.uasset" 165
"../../Plugins/Experimental/ControlRig/Content/Controls/ControlRig_Arrow4_1mm.uasset" 166
"../../Plugins/Experimental/ControlRig/Content/Controls/ControlRig_Arrow4_3mm.uasset" 167
"../../Plugins/Experimental/ControlRig/Content/Controls/ControlRig_Arrow4_solid.uasset" 168
"../../Plugins/Experimental/ControlRig/Content/Controls/ControlRig_Arrow_1mm.uasset" 169
"../../Plugins/Experimental/ControlRig/Content/Controls/ControlRig_Arrow_3mm.uasset" 170
"../../Plugins/Experimental/ControlRig/Content/Controls/ControlRig_Arrow_solid.uasset" 171
"../../Plugins/Experimental/ControlRig/Content/Controls/ControlRig_Box_1mm.uasset" 172
"../../Plugins/Experimental/ControlRig/Content/Controls/ControlRig_Box_3mm.uasset" 173
"../../Plugins/Experimental/ControlRig/Content/Controls/ControlRig_Box_solid.uasset" 174
"../../Plugins/Experimental/ControlRig/Content/Controls/ControlRig_Circle_1mm.uasset" 175
"../../Plugins/Experimental/ControlRig/Content/Controls/ControlRig_Circle_3mm.uasset" 176
"../../Plugins/Experimental/ControlRig/Content/Controls/ControlRig_Circle_solid.uasset" 177
"../../Plugins/Experimental/ControlRig/Content/Controls/ControlRig_Diamond_1mm.uasset" 178
"../../Plugins/Experimental/ControlRig/Content/Controls/ControlRig_Diamond_3mm.uasset" 179
"../../Plugins/Experimental/ControlRig/Content/Controls/ControlRig_Diamond_solid.uasset" 180
"../../Plugins/Experimental/ControlRig/Content/Controls/ControlRig_HalfCircle_1mm.uasset" 181
"../../Plugins/Experimental/ControlRig/Content/Controls/ControlRig_HalfCircle_3mm.uasset" 182
"../../Plugins/Experimental/ControlRig/Content/Controls/ControlRig_HalfCircle_solid.uasset" 183
"../../Plugins/Experimental/ControlRig/Content/Controls/ControlRig_Hexagon_1mm.uasset" 184
"../../Plugins/Experimental/ControlRig/Content/Controls/ControlRig_Hexagon_3mm.uasset" 185
"../../Plugins/Experimental/ControlRig/Content/Controls/ControlRig_Hexagon_solid.uasset" 186
"../../Plugins/Experimental/ControlRig/Content/Controls/ControlRig_Octagon_1mm.uasset" 187
"../../Plugins/Experimental/ControlRig/Content/Controls/ControlRig_Octagon_3mm.uasset" 188
"../../Plugins/Experimental/ControlRig/Content/Controls/ControlRig_Octagon_solid.uasset" 189
"../../Plugins/Experimental/ControlRig/Content/Controls/ControlRig_Pyramid_1mm.uasset" 190
"../../Plugins/Experimental/ControlRig/Content/Controls/ControlRig_Pyramid_3mm.uasset" 191
"../../Plugins/Experimental/ControlRig/Content/Controls/ControlRig_Pyramid_solid.uasset" 192
"../../Plugins/Experimental/ControlRig/Content/Controls/ControlRig_QuarterCircle_1mm.uasset" 193
"../../Plugins/Experimental/ControlRig/Content/Controls/ControlRig_QuarterCircle_3mm.uasset" 194
"../../Plugins/Experimental/ControlRig/Content/Controls/ControlRig_QuarterCircle_solid.uasset" 195
"../../Plugins/Experimental/ControlRig/Content/Controls/ControlRig_RoundedSquare_1mm.uasset" 196
"../../Plugins/Experimental/ControlRig/Content/Controls/ControlRig_RoundedSquare_3mm.uasset" 197
"../../Plugins/Experimental/ControlRig/Content/Controls/ControlRig_RoundedSquare_solid.uasset" 198
"../../Plugins/Experimental/ControlRig/Content/Controls/ControlRig_RoundedTriangle_1mm.uasset" 199
"../../Plugins/Experimental/ControlRig/Content/Controls/ControlRig_RoundedTriangle_3mm.uasset" 200
"../../Plugins/Experimental/ControlRig/Content/Controls/ControlRig_RoundedTriangle_solid.uasset" 201
"../../Plugins/Experimental/ControlRig/Content/Controls/ControlRig_Sphere_1mm.uasset" 202
"../../Plugins/Experimental/ControlRig/Content/Controls/ControlRig_Sphere_3mm.uasset" 203
"../../Plugins/Experimental/ControlRig/Content/Controls/ControlRig_Sphere_solid.uasset" 204
"../../Plugins/Experimental/ControlRig/Content/Controls/ControlRig_Square_1mm.uasset" 205
"../../Plugins/Experimental/ControlRig/Content/Controls/ControlRig_Square_3mm.uasset" 206
"../../Plugins/Experimental/ControlRig/Content/Controls/ControlRig_Square_solid.uasset" 207
"../../Plugins/Experimental/ControlRig/Content/Controls/ControlRig_Star4_1mm.uasset" 208
"../../Plugins/Experimental/ControlRig/Content/Controls/ControlRig_Star4_3mm.uasset" 209
"../../Plugins/Experimental/ControlRig/Content/Controls/ControlRig_Star4_solid.uasset" 210
"../../Plugins/Experimental/ControlRig/Content/Controls/ControlRig_Triangle_1mm.uasset" 211
"../../Plugins/Experimental/ControlRig/Content/Controls/ControlRig_Triangle_3mm.uasset" 212
"../../Plugins/Experimental/ControlRig/Content/Controls/ControlRig_Triangle_solid.uasset" 213
"../../Plugins/Experimental/ControlRig/Content/Controls/ControlRig_Wedge_1mm.uasset" 214
"../../Plugins/Experimental/ControlRig/Content/Controls/ControlRig_Wedge_3mm.uasset" 215
"../../Plugins/Experimental/ControlRig/Content/Controls/ControlRig_Wedge_solid.uasset" 216
"../../Plugins/Experimental/ControlRig/Content/Controls/DefaultGizmoLibrary.uasset" 217
"../../Plugins/FX/Niagara/Content/Enums/ENiagaraBooleanLogicOps.uasset" 218
"../../Plugins/FX/Niagara/Content/Enums/ENiagaraCoordinateSpace.uasset" 219
"../../Plugins/FX/Niagara/Content/Enums/ENiagaraExpansionMode.uasset" 220
"../../Plugins/FX/Niagara/Content/Enums/ENiagaraOrientationAxis.uasset" 221
"../../Plugins/FX/Niagara/Content/Enums/ENiagaraRandomnessMode.uasset" 222
"../../Plugins/Marketplace/PowerIK/Content/Step_Height_Curve.uasset" 223
"../../Plugins/Marketplace/PowerIK/Content/Step_Speed_Curve.uasset" 224
"../../../Engine/Content/Functions/Engine_MaterialFunctions02/Utility/BreakOutFloat4Components.uasset" 225
"../../../Engine/Content/Functions/Engine_MaterialFunctions02/Utility/MakeFloat2.uasset" 226
"../../../Engine/Content/Functions/Engine_MaterialFunctions02/Utility/MakeFloat3.uasset" 227
"../../Plugins/Runtime/Oculus/OculusVR/Content/Materials/OculusMR_ChromaKey.uasset" 228
"../../Plugins/Runtime/Oculus/OculusVR/Content/Materials/OculusMR_ChromaKey_Lit.uasset" 229
"../../Plugins/Runtime/Oculus/OculusVR/Content/Materials/OculusMR_OpaqueColoredMaterial.uasset" 230
"../../Plugins/Runtime/Oculus/OculusVR/Content/Materials/OculusMR_WhiteMaterial.uasset" 231
"../../../Engine/Content/Animation/DefaultAnimBoneCompressionSettings.uasset" 232
"../../../../../UnrealEngine4/Unreal Projects/Underwater/Content/UnderWater/Mannequin/Character/Mesh/UE4_Mannequin_Skeleton.uasset" 233
"../../../../../UnrealEngine4/Unreal Projects/Underwater/Content/UnderWater/Mannequin/Animations/Shuffle/shuffle4UE4.uasset" 234
"../../../../../UnrealEngine4/Unreal Projects/Underwater/Content/UnderWater/Mannequin/Animations/Shuffle/shuffle5UE4.uasset" 235
"../../../../../UnrealEngine4/Unreal Projects/Underwater/Content/UnderWater/Mannequin/Animations/ThirdPerson_Jump.uasset" 236
"../../../../../UnrealEngine4/Unreal Projects/Underwater/Content/UnderWater/Mannequin/Animations/ThirdPersonJump_Loop.uasset" 237
"../../../../../UnrealEngine4/Unreal Projects/Underwater/Content/UnderWater/Mannequin/Animations/ThirdPersonJump_Start.uasset" 238
"../../../../../UnrealEngine4/Unreal Projects/Underwater/Content/UnderWater/Mannequin/Animations/ThirdPersonIdle.uasset" 239
"../../../../../UnrealEngine4/Unreal Projects/Underwater/Content/UnderWater/Mannequin/Animations/ThirdPersonRun.uasset" 240
"../../../../../UnrealEngine4/Unreal Projects/Underwater/Content/UnderWater/Mannequin/Animations/ThirdPersonWalk.uasset" 241
"../../../../../UnrealEngine4/Unreal Projects/Underwater/Content/UnderWater/Mannequin/Animations/ThirdPerson_IdleRun_2D.uasset" 242
"../../../Engine/Content/EditorBlueprintResources/StandardMacros.uasset" 243
"../../../../../UnrealEngine4/Unreal Projects/Underwater/Content/UnderWater/Mannequin/Animations/ThirdPerson_AnimBP.uasset" 244
"../../../Engine/Content/Functions/Engine_MaterialFunctions02/Utility/BlendAngleCorrectedNormals.uasset" 245
"../../../Engine/Content/Functions/MaterialLayerFunctions/MatLayerBlend_NormalBlend.uasset" 246
"../../../Engine/Content/Functions/MaterialLayerFunctions/MatLayerBlend_Simple.uasset" 247
"../../../../../UnrealEngine4/Unreal Projects/Underwater/Content/UnderWater/Mannequin/Character/Materials/MaterialLayers/T_ML_Rubber_Blue_01_D.uasset" 248
"../../../../../UnrealEngine4/Unreal Projects/Underwater/Content/UnderWater/Mannequin/Character/Materials/MaterialLayers/T_ML_Rubber_Blue_01_N.uasset" 249
"../../../../../UnrealEngine4/Unreal Projects/Underwater/Content/UnderWater/Mannequin/Character/Materials/MaterialLayers/ML_GlossyBlack_Latex_UE4.uasset" 250
"../../../../../UnrealEngine4/Unreal Projects/Underwater/Content/UnderWater/Mannequin/Character/Materials/MaterialLayers/ML_Plastic_Shiny_Beige.uasset" 251
"../../../../../UnrealEngine4/Unreal Projects/Underwater/Content/UnderWater/Mannequin/Character/Textures/UE4_LOGO_CARD.uasset" 252
"../../../../../UnrealEngine4/Unreal Projects/Underwater/Content/UnderWater/Mannequin/Character/Materials/MaterialLayers/ML_Plastic_Shiny_Beige_LOGO.uasset" 253
"../../../../../UnrealEngine4/Unreal Projects/Underwater/Content/UnderWater/Mannequin/Character/Materials/MaterialLayers/T_ML_Aluminum01.uasset" 254
"../../../../../UnrealEngine4/Unreal Projects/Underwater/Content/UnderWater/Mannequin/Character/Materials/MaterialLayers/T_ML_Aluminum01_N.uasset" 255
"../../../../../UnrealEngine4/Unreal Projects/Underwater/Content/UnderWater/Mannequin/Character/Materials/MaterialLayers/ML_SoftMetal_UE4.uasset" 256
"../../../../../UnrealEngine4/Unreal Projects/Underwater/Content/UnderWater/Mannequin/Character/Textures/UE4_Mannequin__normals.uasset" 257
"../../../../../UnrealEngine4/Unreal Projects/Underwater/Content/UnderWater/Mannequin/Character/Textures/UE4_Mannequin_MAT_MASKA.uasset" 258
"../../../../../UnrealEngine4/Unreal Projects/Underwater/Content/UnderWater/Mannequin/Character/Materials/M_UE4Man_Body.uasset" 259
"../../../../../UnrealEngine4/Unreal Projects/Underwater/Content/UnderWater/Mannequin/Character/Textures/UE4Man_Logo_N.uasset" 260
"../../../../../UnrealEngine4/Unreal Projects/Underwater/Content/UnderWater/Mannequin/Character/Materials/M_UE4Man_ChestLogo.uasset" 261
"../../../../../UnrealEngine4/Unreal Projects/Underwater/Content/UnderWater/Mannequin/Character/Mesh/SK_Mannequin_PhysicsAsset.uasset" 262
"../../../../../UnrealEngine4/Unreal Projects/Underwater/Content/UnderWater/Mannequin/Character/Mesh/SK_Mannequin.uasset" 263
"../../../../../UnrealEngine4/Unreal Projects/Underwater/Content/UnderWater/Blueprints/Characters/BP_C_BasePlayer.uasset" 264
"../../../../../UnrealEngine4/Unreal Projects/Underwater/Content/UnderWater/Blueprints/_Main/S_PlayerInfo.uasset" 265
"../../../../../UnrealEngine4/Unreal Projects/Underwater/Content/UnderWater/Blueprints/_Main/BP_PlayerSave.uasset" 266
"../../../../../UnrealEngine4/Unreal Projects/Underwater/Content/UnderWater/Blueprints/_Main/BPI_MainGI.uasset" 267
"../../../../../UnrealEngine4/Unreal Projects/Underwater/Content/UnderWater/Mannequin/Character/Materials/M_UE4Man_Body1.uasset" 268
"../../../../../UnrealEngine4/Unreal Projects/Underwater/Content/UnderWater/Blueprints/Characters/BP_C_Player1.uasset" 269
"../../../../../UnrealEngine4/Unreal Projects/Underwater/Content/UnderWater/Mannequin/Character/Materials/M_UE4Man_Body2.uasset" 270
"../../../../../UnrealEngine4/Unreal Projects/Underwater/Content/UnderWater/Blueprints/Characters/BP_C_Player2.uasset" 271
"../../../../../UnrealEngine4/Unreal Projects/Underwater/Content/UnderWater/Mannequin/Character/Materials/M_UE4Man_Body3.uasset" 272
"../../../../../UnrealEngine4/Unreal Projects/Underwater/Content/UnderWater/Blueprints/Characters/BP_C_Player3.uasset" 273
"../../../../../UnrealEngine4/Unreal Projects/Underwater/Content/UnderWater/Mannequin/Character/Materials/M_UE4Man_Body4.uasset" 274
"../../../../../UnrealEngine4/Unreal Projects/Underwater/Content/UnderWater/Blueprints/Characters/BP_C_Player4.uasset" 275
"../../../../../UnrealEngine4/Unreal Projects/Underwater/Content/UnderWater/Mannequin/Character/Materials/M_UE4Man_Body5.uasset" 276
"../../../../../UnrealEngine4/Unreal Projects/Underwater/Content/UnderWater/Blueprints/Characters/BP_C_Player5.uasset" 277
"../../../../../UnrealEngine4/Unreal Projects/Underwater/Content/UnderWater/Mannequin/Character/Materials/M_UE4Man_Body6.uasset" 278
"../../../../../UnrealEngine4/Unreal Projects/Underwater/Content/UnderWater/Blueprints/Characters/BP_C_Player6.uasset" 279
"../../../../../UnrealEngine4/Unreal Projects/Underwater/Content/UnderWater/Blueprints/Widgets/Lobby/BP_W_PlayerList.uasset" 280
"../../../../../UnrealEngine4/Unreal Projects/Underwater/Content/UnderWater/Blueprints/Widgets/MainMenu/BP_W_MainMenuBG.uasset" 281
"../../../../../UnrealEngine4/Unreal Projects/Underwater/Content/UnderWater/Blueprints/Widgets/MainMenu/BP_W_MainMenu.uasset" 282
"../../../../../UnrealEngine4/Unreal Projects/Underwater/Content/UnderWater/UI/Icons/fast-backward-button.uasset" 283
"../../../../../UnrealEngine4/Unreal Projects/Underwater/Content/UnderWater/UI/Icons/fast-forward-button.uasset" 284
"../../../../../UnrealEngine4/Unreal Projects/Underwater/Content/UnderWater/Blueprints/Widgets/MainMenu/BP_W_CreateGameMenu.uasset" 285
"../../../../../UnrealEngine4/Unreal Projects/Underwater/Content/UnderWater/Blueprints/Widgets/MainMenu/BP_W_ErrorMessages.uasset" 286
"../../../../../UnrealEngine4/Unreal Projects/Underwater/Content/UnderWater/Blueprints/Widgets/MainMenu/BP_W_LoadingScreen.uasset" 287
"../../../../../UnrealEngine4/Unreal Projects/Underwater/Content/UnderWater/UI/Icons/cube.uasset" 288
"../../../../../UnrealEngine4/Unreal Projects/Underwater/Content/UnderWater/Blueprints/Widgets/MainMenu/BP_W_OptionsMenu.uasset" 289
"../../../../../UnrealEngine4/Unreal Projects/Underwater/Content/UnderWater/Blueprints/Widgets/MainMenu/BP_W_ServerSlot.uasset" 290
"../../../../../UnrealEngine4/Unreal Projects/Underwater/Content/UnderWater/Blueprints/Widgets/MainMenu/BP_W_ServerBrowser.uasset" 291
"../../../../../UnrealEngine4/Unreal Projects/Underwater/Content/UnderWater/Blueprints/_Main/BP_MainGI.uasset" 292
"../../../../../UnrealEngine4/Unreal Projects/Underwater/Content/UnderWater/Blueprints/MainMenu/BP_PC_MainMenu.uasset" 293
"../../../../../UnrealEngine4/Unreal Projects/Underwater/Content/UnderWater/Blueprints/MainMenu/BP_GM_MainMenu.uasset" 294
"../../../../../UnrealEngine4/Unreal Projects/Underwater/Content/UnderWater/Maps/MainMenu_BuiltData.uasset" 295
"../../../Engine/Content/BasicShapes/BasicShapeMaterial.uasset" 296
"../../../../../UnrealEngine4/Unreal Projects/Underwater/Content/UnderWater/Materials/Zones_Color/RedZone.uasset" 297
"../../../Engine/Content/EngineMaterials/NewBaseFlattenMaterial.uasset" 298
"../../../Engine/Content/BasicShapes/M_Cube_BlueZone_5943C7724D9391C329AB97B9BB31CE26.uasset" 299
"../../../Engine/Content/BasicShapes/M_Cube_BlueZone_C2F3C420463CE6183FB743ABB5CED715.uasset" 300
"../../../Engine/Content/BasicShapes/M_Cube_GreenZone_E2CEA8A74E5E0E51037FB5BAE18E3896.uasset" 301
"../../../Engine/Content/BasicShapes/M_Cube_OrangeZone_D6196B0547B92263A4DD44B598F6DB64.uasset" 302
"../../../Engine/Content/BasicShapes/M_Cube_PurpleZone_7F9D4296401AC0616E7F19B30A91EA48.uasset" 303
"../../../Engine/Content/BasicShapes/Cube.uasset" 304
"../../../../../UnrealEngine4/Unreal Projects/Underwater/Content/UnderWater/Maps/MainMenu.umap" 305
"../../../../../UnrealEngine4/Unreal Projects/Underwater/Content/UnderWater/Maps/TravelMap.umap" 306
"../../../Engine/Content/EngineSky/C_Sky_Cloud_Color.uasset" 307
"../../../Engine/Content/EngineSky/C_Sky_Horizon_Color.uasset" 308
"../../../Engine/Content/EngineSky/C_Sky_Zenith_Color.uasset" 309
"../../../Engine/Content/EngineSky/T_Sky_Blue.uasset" 310
"../../../Engine/Content/EngineSky/T_Sky_Clouds_M.uasset" 311
"../../../Engine/Content/EngineSky/T_Sky_Stars.uasset" 312
"../../../Engine/Content/EngineSky/M_Sky_Panning_Clouds2.uasset" 313
"../../../Engine/Content/EngineSky/SM_SkySphere.uasset" 314
"../../../Engine/Content/EngineSky/BP_Sky_Sphere.uasset" 315
"../../../../../UnrealEngine4/Unreal Projects/Underwater/Content/UnderWater/Maps/Underwater_BuiltData.uasset" 316
"../../../Engine/Content/MapTemplates/SM_Template_Map_Floor.uasset" 317
"../../../../../UnrealEngine4/Unreal Projects/Underwater/Content/UnderWater/Maps/Underwater.umap" 318
"../../../../../UnrealEngine4/Unreal Projects/Underwater/Content/UnderWater/Blueprints/Lobby/BPI_GM_Lobby.uasset" 319
"../../../../../UnrealEngine4/Unreal Projects/Underwater/Content/UnderWater/Blueprints/Lobby/BPI_PC_Lobby.uasset" 320
"../../../../../UnrealEngine4/Unreal Projects/Underwater/Content/UnderWater/Blueprints/Widgets/Chat/BP_W_Chat_Window.uasset" 321
"../../../../../UnrealEngine4/Unreal Projects/Underwater/Content/UnderWater/UI/PlayersIcons/PlayerBlue.uasset" 322
"../../../../../UnrealEngine4/Unreal Projects/Underwater/Content/UnderWater/UI/PlayersIcons/PlayerDefault.uasset" 323
"../../../../../UnrealEngine4/Unreal Projects/Underwater/Content/UnderWater/UI/PlayersIcons/PlayerGreen.uasset" 324
"../../../../../UnrealEngine4/Unreal Projects/Underwater/Content/UnderWater/UI/PlayersIcons/PlayerPink.uasset" 325
"../../../../../UnrealEngine4/Unreal Projects/Underwater/Content/UnderWater/UI/PlayersIcons/PlayerRed.uasset" 326
"../../../../../UnrealEngine4/Unreal Projects/Underwater/Content/UnderWater/UI/PlayersIcons/PlayerTeal.uasset" 327
"../../../../../UnrealEngine4/Unreal Projects/Underwater/Content/UnderWater/UI/PlayersIcons/PlayerYellow.uasset" 328
"../../../../../UnrealEngine4/Unreal Projects/Underwater/Content/UnderWater/Blueprints/Widgets/Lobby/BP_W_CharacterSelect.uasset" 329
"../../../../../UnrealEngine4/Unreal Projects/Underwater/Content/UnderWater/Blueprints/Widgets/Lobby/BP_W_GameSettings.uasset" 330
"../../../../../UnrealEngine4/Unreal Projects/Underwater/Content/UnderWater/UI/dickbut.uasset" 331
"../../../../../UnrealEngine4/Unreal Projects/Underwater/Content/UnderWater/Blueprints/Widgets/Lobby/BP_W_LobbyMenu.uasset" 332
"../../../../../UnrealEngine4/Unreal Projects/Underwater/Content/UnderWater/Blueprints/Lobby/BP_PC_Lobby.uasset" 333
"../../../../../UnrealEngine4/Unreal Projects/Underwater/Content/UnderWater/UI/Icons/arrow-cursor.uasset" 334
"../../../../../UnrealEngine4/Unreal Projects/Underwater/Content/UnderWater/Blueprints/Lobby/BP_GM_Lobby.uasset" 335
"../../../../../UnrealEngine4/Unreal Projects/Underwater/Content/UnderWater/Maps/UW_Lobby_BuiltData.uasset" 336
"../../../../../UnrealEngine4/Unreal Projects/Underwater/Content/UnderWater/Maps/UW_Lobby.umap" 337
"../../../../../UnrealEngine4/Unreal Projects/Underwater/Content/UnderWater/Blueprints/Gameplay/BPI_GM_Gameplay.uasset" 338
"../../../../../UnrealEngine4/Unreal Projects/Underwater/Content/UnderWater/Blueprints/Gameplay/BPI_PC_Gameplay.uasset" 339
"../../../../../UnrealEngine4/Unreal Projects/Underwater/Content/UnderWater/Blueprints/Widgets/Gameplay/BP_W_InGameMenu.uasset" 340
"../../../../../UnrealEngine4/Unreal Projects/Underwater/Content/UnderWater/Blueprints/Gameplay/BP_PC_GamePlay.uasset" 341
"../../../../../UnrealEngine4/Unreal Projects/Underwater/Content/UnderWater/Blueprints/Gameplay/BP_GM_Gameplay.uasset" 342
"../../../../../UnrealEngine4/Unreal Projects/Underwater/Content/UnderWater/Maps/UW_Proto01_BuiltData.uasset" 343
"../../../../../UnrealEngine4/Unreal Projects/Underwater/Content/StarterContent/Materials/M_Basic_Floor.uasset" 344
"../../../../../UnrealEngine4/Unreal Projects/Underwater/Content/UnderWater/Materials/Zones_Color/BlueZone.uasset" 345
"../../../../../UnrealEngine4/Unreal Projects/Underwater/Content/UnderWater/Materials/Zones_Color/GreenZone.uasset" 346
"../../../../../UnrealEngine4/Unreal Projects/Underwater/Content/UnderWater/Materials/Zones_Color/OrangeZone.uasset" 347
"../../../../../UnrealEngine4/Unreal Projects/Underwater/Content/UnderWater/Materials/Zones_Color/PurpleZone.uasset" 348
"../../../../../UnrealEngine4/Unreal Projects/Underwater/Content/UnderWater/Materials/Zones_Color/YellowZone.uasset" 349
"../../../../../UnrealEngine4/Unreal Projects/Underwater/Content/StarterContent/Architecture/Floor_400x400.uasset" 350
"../../../../../UnrealEngine4/Unreal Projects/Underwater/Content/StarterContent/Materials/M_Basic_Wall.uasset" 351
"../../../../../UnrealEngine4/Unreal Projects/Underwater/Content/StarterContent/Architecture/Wall_400x300.uasset" 352
"../../../../../UnrealEngine4/Unreal Projects/Underwater/Content/StarterContent/Architecture/Wall_Door_400x300.uasset" 353
"../../../../../UnrealEngine4/Unreal Projects/Underwater/Content/UnderWater/Maps/UW_Proto01.umap" 354
